[main] INFO  com.inetBanking.testCases.BaseClass  - URL is opened
[main] INFO  com.inetBanking.testCases.BaseClass  - Entered username
[main] INFO  com.inetBanking.testCases.BaseClass  - Entered password
[main] INFO  com.inetBanking.testCases.BaseClass  - URL is opened
[main] INFO  com.inetBanking.testCases.BaseClass  - Entered username
[main] INFO  com.inetBanking.testCases.BaseClass  - Entered password
[main] INFO  com.inetBanking.testCases.BaseClass  - Test passed
[main] INFO  com.inetBanking.testCases.BaseClass  - URL is opened
[main] INFO  com.inetBanking.testCases.BaseClass  - Entered username
[main] INFO  com.inetBanking.testCases.BaseClass  - Entered password
[main] INFO  com.inetBanking.testCases.BaseClass  - URL is opened
[main] INFO  com.inetBanking.testCases.BaseClass  - Entered username
[main] INFO  com.inetBanking.testCases.BaseClass  - Entered password
[main] INFO  com.inetBanking.testCases.BaseClass  - URL is opened
[main] INFO  com.inetBanking.testCases.BaseClass  - Entered username
[main] INFO  com.inetBanking.testCases.BaseClass  - Entered password
[main] INFO  com.inetBanking.testCases.BaseClass  - URL is opened
[main] INFO  com.inetBanking.testCases.BaseClass  - Entered username
[main] INFO  com.inetBanking.testCases.BaseClass  - Entered password
[main] INFO  com.inetBanking.testCases.BaseClass  - URL is opened
[main] INFO  com.inetBanking.testCases.BaseClass  - Entered username
[main] INFO  com.inetBanking.testCases.BaseClass  - Entered password
[main] INFO  com.inetBanking.testCases.BaseClass  - user name provided
[main] INFO  com.inetBanking.testCases.BaseClass  - password provided
[main] INFO  com.inetBanking.testCases.BaseClass  - Login passed
[main] INFO  com.inetBanking.testCases.BaseClass  - user name provided
[main] INFO  com.inetBanking.testCases.BaseClass  - password provided
[main] INFO  com.inetBanking.testCases.BaseClass  - Login passed
[main] INFO  com.inetBanking.testCases.BaseClass  - User name is provided
[main] INFO  com.inetBanking.testCases.BaseClass  - Passsword is provided
[main] INFO  com.inetBanking.testCases.BaseClass  - providing customer details....
[main] INFO  com.inetBanking.testCases.BaseClass  - User name is provided
[main] INFO  com.inetBanking.testCases.BaseClass  - Passsword is provided
[main] INFO  com.inetBanking.testCases.BaseClass  - providing customer details....
[main] INFO  com.inetBanking.testCases.BaseClass  - User name is provided
[main] INFO  com.inetBanking.testCases.BaseClass  - Passsword is provided
[main] INFO  com.inetBanking.testCases.BaseClass  - providing customer details....
[main] INFO  com.inetBanking.testCases.BaseClass  - User name is provided
[main] INFO  com.inetBanking.testCases.BaseClass  - Passsword is provided
[main] INFO  com.inetBanking.testCases.BaseClass  - providing customer details....
[main] INFO  com.inetBanking.testCases.BaseClass  - User name is provided
[main] INFO  com.inetBanking.testCases.BaseClass  - Passsword is provided
[main] INFO  com.inetBanking.testCases.BaseClass  - providing customer details....
